{
  "stats": {
    "suites": 2,
    "tests": 3,
    "passes": 3,
    "pending": 0,
    "failures": 0,
    "testsRegistered": 3,
    "passPercent": 100,
    "pendingPercent": 0,
    "other": 0,
    "hasOther": false,
    "skipped": 0,
    "hasSkipped": false,
    "start": "2024-04-15T01:49:32.849Z",
    "end": "2024-04-15T01:49:49.614Z",
    "duration": 16765
  },
  "results": [
    {
      "uuid": "2e75cedb-b627-42e4-8398-260a910b3b0a",
      "title": "",
      "fullFile": "cypress/e2e/spec.cy.ts",
      "file": "cypress/e2e/spec.cy.ts",
      "beforeHooks": [],
      "afterHooks": [],
      "tests": [],
      "suites": [
        {
          "uuid": "f27cce4d-34e1-4679-9a29-9ab2079f963b",
          "title": "JRNI - Appointment spec",
          "fullFile": "",
          "file": "",
          "beforeHooks": [],
          "afterHooks": [],
          "tests": [
            {
              "title": "JRNI landing page",
              "fullTitle": "JRNI - Appointment spec JRNI landing page",
              "timedOut": null,
              "duration": 12543,
              "state": "passed",
              "speed": "slow",
              "pass": true,
              "fail": false,
              "pending": false,
              "context": null,
              "code": "cy.fixture('example').then(function (data) {\n    var companyId = data.companyId;\n    var companyName = data.companyName;\n    console.log('companyId', companyId);\n    cy.visit('http://localhost:3001/');\n    cy.get('h1').should('contain', \"Welcome to \".concat(companyName, \"(\").concat(companyId, \") JRNI appointments/services\"));\n    cy.contains('h1', \"Welcome to \".concat(companyName, \"(\").concat(companyId, \") JRNI appointments/services\"));\n    cy.get('button')\n        .should('contain', '1.Display services')\n        .should('be.visible')\n        .should('be.enabled');\n    cy.contains('1.Display services').click();\n    // cy.get('div')\n    //   .should('contain', 'Handsfree service')\n    //   .should('be.visible')\n    cy.wait(3000);\n    if (companyId === 37009) {\n        service.availableService('Handsfree service');\n        service.availableService('Butler 1 hour');\n        service.availableService('Butler 2 hour');\n        service.availableService('Gold stylist package');\n        service.availableService('Silver stylist package');\n        service.availableService('QVB 15m test');\n        cy.contains('Handsfree service').click();\n    }\n    if (companyId === 37031) {\n        service.availableService('Scooter Rentals 2 Hrs');\n        service.availableService('Scooter Rentals 1 Hr');\n        cy.contains('Scooter Rentals 2 Hrs').click();\n    }\n    if (companyId === 37007) {\n        service.availableService('Mortgage Advice');\n        service.availableService('Open an Account');\n        service.availableService('Dress Fitting');\n        service.availableService('Test Service');\n        service.availableService('Personal Shopper');\n        cy.contains('Dress Fitting').click();\n    }\n    // cy.get('input').clear()\n    //   .type('hk.sudda@gmail.com')\n    // cy.intercept({\n    //   method: 'GET', \n    //   url: 'https://vicinity-demo.jrni.com/api/v5/37009/times?service_id=48427&start_date=2024-04-04T02:35:28.491Z&end_date=2024-04-07&time_zone=Australia/Melbourne&only_available=true&duration=60',\n    //   headers: {\n    //     'App-Id': '78c3c238a140b36865ea53bebbf483d8c60a7dcd57b2'\n    //   }\n    // // }).as('times')\n    // //   // cy.wait(6000)\n    // //   // cy.wait('@times')\n    // //   const times = cy.get('times')\n    // //   console.log(times)\n    //  }, { fixture: 'times' })\n    cy.wait(2000);\n    // cy.fixture('times').then((data) => {\n    //   cy.log(data)\n    //  })\n    cy.get('#Sunday')\n        .select([1])\n        .invoke('val');\n    // .should('eq', '2024-04-07T10:00:00+10:00')\n    cy.contains('4.Add time slot into Basket').click();\n    cy.wait(1000);\n    cy.contains('Proceed to Client Details').click();\n    cy.wait(2000);\n    cy.get('#firstName').type('Hari');\n    cy.get('#lastName').type('Suddpalli');\n    cy.get('#email').type('harikrishna.suddapalli@vicinity.com.au');\n    cy.get('#mobile').type('0432023177');\n    cy.contains('5.Add Client Details to Basket').click();\n    cy.wait(1000);\n    // cy.contains('6.Book Now').click()\n    // cy.wait(2000)\n    // cy.get('.ConfirmContainer > h1').should('contain','Well done.')\n});\n// expect(true).to.be.true\n// assert.equal(4,4)",
              "err": {},
              "uuid": "54b86eff-ddde-4f03-8f8a-b2b7e54be242",
              "parentUUID": "f27cce4d-34e1-4679-9a29-9ab2079f963b",
              "isHook": false,
              "skipped": false
            }
          ],
          "suites": [],
          "passes": [
            "54b86eff-ddde-4f03-8f8a-b2b7e54be242"
          ],
          "failures": [],
          "pending": [],
          "skipped": [],
          "duration": 12543,
          "root": false,
          "rootEmpty": false,
          "_timeout": 2000
        }
      ],
      "passes": [],
      "failures": [],
      "pending": [],
      "skipped": [],
      "duration": 0,
      "root": true,
      "rootEmpty": true,
      "_timeout": 2000
    },
    {
      "uuid": "48ceff9a-d014-4988-8c98-50f59c2d493c",
      "title": "",
      "fullFile": "cypress/e2e/readwritefilesdemo.cy.ts",
      "file": "cypress/e2e/readwritefilesdemo.cy.ts",
      "beforeHooks": [],
      "afterHooks": [],
      "tests": [
        {
          "title": "Read files using fixture",
          "fullTitle": "Read files using fixture",
          "timedOut": null,
          "duration": 21,
          "state": "passed",
          "speed": "fast",
          "pass": true,
          "fail": false,
          "pending": false,
          "context": null,
          "code": "cy.fixture('example').then(function (data) {\n    cy.log(data.name);\n    cy.log(data.email);\n});\ncy.fixture('example').its('name').should('eq', 'Welcome to JRNI/Appointmetns');\n//  cy.log(this.test_data)",
          "err": {},
          "uuid": "4bec4d07-e8d5-48cb-af5d-f514b419eaf0",
          "parentUUID": "48ceff9a-d014-4988-8c98-50f59c2d493c",
          "isHook": false,
          "skipped": false
        },
        {
          "title": "Write file demo",
          "fullTitle": "Write file demo",
          "timedOut": null,
          "duration": 6,
          "state": "passed",
          "speed": "fast",
          "pass": true,
          "fail": false,
          "pending": false,
          "context": null,
          "code": "// cy.writeFile('example',{test: 'test'})\n// cy.writeFile('example',{test: 'test123'}, {flag: 'a+'})",
          "err": {},
          "uuid": "9607bc1f-a5ef-4e6a-b0b1-cf9ab1b3259f",
          "parentUUID": "48ceff9a-d014-4988-8c98-50f59c2d493c",
          "isHook": false,
          "skipped": false
        }
      ],
      "suites": [],
      "passes": [
        "4bec4d07-e8d5-48cb-af5d-f514b419eaf0",
        "9607bc1f-a5ef-4e6a-b0b1-cf9ab1b3259f"
      ],
      "failures": [],
      "pending": [],
      "skipped": [],
      "duration": 27,
      "root": true,
      "rootEmpty": false,
      "_timeout": 2000
    }
  ],
  "meta": {
    "mocha": {
      "version": "7.0.1"
    },
    "mochawesome": {
      "options": {
        "quiet": false,
        "reportFilename": "mochawesome",
        "saveHtml": false,
        "saveJson": true,
        "consoleReporter": "spec",
        "useInlineDiffs": false,
        "code": true
      },
      "version": "7.1.3"
    },
    "marge": {
      "options": {
        "charts": true,
        "overwrite": false,
        "html": false,
        "json": true,
        "reportDir": "cypress/results"
      },
      "version": "6.2.0"
    }
  }
}