{
  "stats": {
    "suites": 0,
    "tests": 2,
    "passes": 2,
    "pending": 0,
    "failures": 0,
    "start": "2024-04-16T06:13:13.598Z",
    "end": "2024-04-16T06:13:13.654Z",
    "duration": 56,
    "testsRegistered": 2,
    "passPercent": 100,
    "pendingPercent": 0,
    "other": 0,
    "hasOther": false,
    "skipped": 0,
    "hasSkipped": false
  },
  "results": [
    {
      "uuid": "cd003f25-a7d2-4f94-b15b-3eae954f030f",
      "title": "",
      "fullFile": "cypress/e2e/readwritefilesdemo.cy.ts",
      "file": "cypress/e2e/readwritefilesdemo.cy.ts",
      "beforeHooks": [],
      "afterHooks": [],
      "tests": [
        {
          "title": "Read files using fixture",
          "fullTitle": "Read files using fixture",
          "timedOut": null,
          "duration": 21,
          "state": "passed",
          "speed": "fast",
          "pass": true,
          "fail": false,
          "pending": false,
          "context": null,
          "code": "cy.fixture('example').then(function (data) {\n    cy.log(data.name);\n    cy.log(data.email);\n});\ncy.fixture('example').its('name').should('eq', 'Welcome to JRNI/Appointmetns');\n//  cy.log(this.test_data)",
          "err": {},
          "uuid": "5f8109c4-963b-4942-92b4-fc8f7c14cbc6",
          "parentUUID": "cd003f25-a7d2-4f94-b15b-3eae954f030f",
          "isHook": false,
          "skipped": false
        },
        {
          "title": "Write file demo",
          "fullTitle": "Write file demo",
          "timedOut": null,
          "duration": 5,
          "state": "passed",
          "speed": "fast",
          "pass": true,
          "fail": false,
          "pending": false,
          "context": null,
          "code": "// cy.writeFile('example',{test: 'test'})\n// cy.writeFile('example',{test: 'test123'}, {flag: 'a+'})",
          "err": {},
          "uuid": "d291a25c-77ed-422e-ac01-0a288ab68b44",
          "parentUUID": "cd003f25-a7d2-4f94-b15b-3eae954f030f",
          "isHook": false,
          "skipped": false
        }
      ],
      "suites": [],
      "passes": [
        "5f8109c4-963b-4942-92b4-fc8f7c14cbc6",
        "d291a25c-77ed-422e-ac01-0a288ab68b44"
      ],
      "failures": [],
      "pending": [],
      "skipped": [],
      "duration": 26,
      "root": true,
      "rootEmpty": false,
      "_timeout": 2000
    }
  ],
  "meta": {
    "mocha": {
      "version": "7.0.1"
    },
    "mochawesome": {
      "options": {
        "quiet": false,
        "reportFilename": "mochawesome",
        "saveHtml": false,
        "saveJson": true,
        "consoleReporter": "spec",
        "useInlineDiffs": false,
        "code": true
      },
      "version": "7.1.3"
    },
    "marge": {
      "options": {
        "charts": true,
        "overwrite": false,
        "html": false,
        "json": true,
        "reportDir": "cypress/results"
      },
      "version": "6.2.0"
    }
  }
}